Fri, 21 Sep 2018 23:35:12 +0000 string(142) "... received workflow_run, params are wfuser='admin', wfpassword='admin', workflowname='Get Orders', wfv='{"":""}', taskmeta='""', wfmeta='""'"
Fri, 21 Sep 2018 23:35:12 +0000 string(46) "... running workflow workflowname='Get Orders'"
Fri, 21 Sep 2018 23:35:12 +0000 string(421) "WORKFLOWEXECUTE FIRING /bin/curl -s -X POST -H "Content-Type: application/json" -u "admin:admin" -d'{"runbook":"WFTasks","wfname":"Get Orders","username":"admin","taskname":"VP List Files Linux","taskmetadata":"","params":{
"dirname":"/var/www/html/pilot/tmp/files",
"match":".xml",
"lspath":"/bin/ls",
"lsargs":" -1 ",
"arrayname":"get_orders"
}}' https://secure.virtuops.com/pilot/app/server/api/index.php/task_run 2>&1"
Fri, 21 Sep 2018 23:35:12 +0000 string(143) "PARAMS API ARE '{"dirname":"\/var\/www\/html\/pilot\/tmp\/files","match":".xml","lspath":"\/bin\/ls","lsargs":" -1 ","arrayname":"get_orders"}'"
Fri, 21 Sep 2018 23:35:12 +0000 string(238) "... received task_run, params are runbook='WFTasks', taskname='VP List Files Linux', username='admin', params='{"dirname":"\/var\/www\/html\/pilot\/tmp\/files","match":".xml","lspath":"\/bin\/ls","lsargs":" -1 ","arrayname":"get_orders"}'"
Fri, 21 Sep 2018 23:35:12 +0000 string(6) "WFV IS"
Fri, 21 Sep 2018 23:35:12 +0000 object(stdClass)#14 (3) {
  [""]=>
  string(0) ""
  ["get_orders_meta"]=>
  object(stdClass)#61 (1) {
    ["count"]=>
    int(1)
  }
  ["get_orders"]=>
  array(1) {
    [0]=>
    string(14) "order_no_7.xml"
  }
}
Fri, 21 Sep 2018 23:35:12 +0000 string(38) "START WORKFLOW TIME IS 1537572912.1996"
Fri, 21 Sep 2018 23:35:12 +0000 string(37) "STOP WORKFLOW TIME IS 1537572912.5125"
Fri, 21 Sep 2018 23:35:12 +0000 string(39) "TOTAL WORKFLOW TIME IS 0.31289100646973"
Fri, 21 Sep 2018 23:43:55 +0000 string(142) "... received workflow_run, params are wfuser='admin', wfpassword='admin', workflowname='Get Orders', wfv='{"":""}', taskmeta='""', wfmeta='""'"
Fri, 21 Sep 2018 23:43:55 +0000 string(46) "... running workflow workflowname='Get Orders'"
Fri, 21 Sep 2018 23:43:55 +0000 string(421) "WORKFLOWEXECUTE FIRING /bin/curl -s -X POST -H "Content-Type: application/json" -u "admin:admin" -d'{"runbook":"WFTasks","wfname":"Get Orders","username":"admin","taskname":"VP List Files Linux","taskmetadata":"","params":{
"dirname":"/var/www/html/pilot/tmp/files",
"match":".xml",
"lspath":"/bin/ls",
"lsargs":" -1 ",
"arrayname":"get_orders"
}}' https://secure.virtuops.com/pilot/app/server/api/index.php/task_run 2>&1"
Fri, 21 Sep 2018 23:43:55 +0000 string(143) "PARAMS API ARE '{"dirname":"\/var\/www\/html\/pilot\/tmp\/files","match":".xml","lspath":"\/bin\/ls","lsargs":" -1 ","arrayname":"get_orders"}'"
Fri, 21 Sep 2018 23:43:55 +0000 string(238) "... received task_run, params are runbook='WFTasks', taskname='VP List Files Linux', username='admin', params='{"dirname":"\/var\/www\/html\/pilot\/tmp\/files","match":".xml","lspath":"\/bin\/ls","lsargs":" -1 ","arrayname":"get_orders"}'"
Fri, 21 Sep 2018 23:43:55 +0000 string(6) "WFV IS"
Fri, 21 Sep 2018 23:43:55 +0000 object(stdClass)#14 (3) {
  [""]=>
  string(0) ""
  ["get_orders_meta"]=>
  object(stdClass)#61 (1) {
    ["count"]=>
    int(1)
  }
  ["get_orders"]=>
  array(1) {
    [0]=>
    string(14) "order_no_7.xml"
  }
}
Fri, 21 Sep 2018 23:43:55 +0000 string(38) "START WORKFLOW TIME IS 1537573435.2695"
Fri, 21 Sep 2018 23:43:55 +0000 string(36) "STOP WORKFLOW TIME IS 1537573435.593"
Fri, 21 Sep 2018 23:43:55 +0000 string(39) "TOTAL WORKFLOW TIME IS 0.32344794273376"
Sat, 22 Sep 2018 00:08:54 +0000 string(142) "... received workflow_run, params are wfuser='admin', wfpassword='admin', workflowname='Get Orders', wfv='{"":""}', taskmeta='""', wfmeta='""'"
Sat, 22 Sep 2018 00:08:54 +0000 string(46) "... running workflow workflowname='Get Orders'"
Sat, 22 Sep 2018 00:08:54 +0000 string(421) "WORKFLOWEXECUTE FIRING /bin/curl -s -X POST -H "Content-Type: application/json" -u "admin:admin" -d'{"runbook":"WFTasks","wfname":"Get Orders","username":"admin","taskname":"VP List Files Linux","taskmetadata":"","params":{
"dirname":"/var/www/html/pilot/tmp/files",
"match":".xml",
"lspath":"/bin/ls",
"lsargs":" -1 ",
"arrayname":"get_orders"
}}' https://secure.virtuops.com/pilot/app/server/api/index.php/task_run 2>&1"
Sat, 22 Sep 2018 00:08:54 +0000 string(143) "PARAMS API ARE '{"dirname":"\/var\/www\/html\/pilot\/tmp\/files","match":".xml","lspath":"\/bin\/ls","lsargs":" -1 ","arrayname":"get_orders"}'"
Sat, 22 Sep 2018 00:08:54 +0000 string(238) "... received task_run, params are runbook='WFTasks', taskname='VP List Files Linux', username='admin', params='{"dirname":"\/var\/www\/html\/pilot\/tmp\/files","match":".xml","lspath":"\/bin\/ls","lsargs":" -1 ","arrayname":"get_orders"}'"
Sat, 22 Sep 2018 00:08:54 +0000 string(6) "WFV IS"
Sat, 22 Sep 2018 00:08:54 +0000 object(stdClass)#14 (3) {
  [""]=>
  string(0) ""
  ["get_orders_meta"]=>
  object(stdClass)#61 (1) {
    ["count"]=>
    int(1)
  }
  ["get_orders"]=>
  array(1) {
    [0]=>
    string(14) "order_no_7.xml"
  }
}
Sat, 22 Sep 2018 00:08:54 +0000 string(38) "START WORKFLOW TIME IS 1537574934.2473"
Sat, 22 Sep 2018 00:08:54 +0000 string(37) "STOP WORKFLOW TIME IS 1537574934.7035"
Sat, 22 Sep 2018 00:08:54 +0000 string(39) "TOTAL WORKFLOW TIME IS 0.45617580413818"
Sat, 22 Sep 2018 12:53:01 +0000 string(142) "... received workflow_run, params are wfuser='admin', wfpassword='admin', workflowname='Get Orders', wfv='{"":""}', taskmeta='""', wfmeta='""'"
Sat, 22 Sep 2018 12:53:01 +0000 string(46) "... running workflow workflowname='Get Orders'"
Sat, 22 Sep 2018 12:53:01 +0000 string(421) "WORKFLOWEXECUTE FIRING /bin/curl -s -X POST -H "Content-Type: application/json" -u "admin:admin" -d'{"runbook":"WFTasks","wfname":"Get Orders","username":"admin","taskname":"VP List Files Linux","taskmetadata":"","params":{
"dirname":"/var/www/html/pilot/tmp/files",
"match":".xml",
"lspath":"/bin/ls",
"lsargs":" -1 ",
"arrayname":"get_orders"
}}' https://secure.virtuops.com/pilot/app/server/api/index.php/task_run 2>&1"
Sat, 22 Sep 2018 12:53:02 +0000 string(143) "PARAMS API ARE '{"dirname":"\/var\/www\/html\/pilot\/tmp\/files","match":".xml","lspath":"\/bin\/ls","lsargs":" -1 ","arrayname":"get_orders"}'"
Sat, 22 Sep 2018 12:53:02 +0000 string(238) "... received task_run, params are runbook='WFTasks', taskname='VP List Files Linux', username='admin', params='{"dirname":"\/var\/www\/html\/pilot\/tmp\/files","match":".xml","lspath":"\/bin\/ls","lsargs":" -1 ","arrayname":"get_orders"}'"
Sat, 22 Sep 2018 12:53:02 +0000 string(6) "WFV IS"
Sat, 22 Sep 2018 12:53:02 +0000 object(stdClass)#14 (3) {
  [""]=>
  string(0) ""
  ["get_orders_meta"]=>
  object(stdClass)#61 (1) {
    ["count"]=>
    int(1)
  }
  ["get_orders"]=>
  array(1) {
    [0]=>
    string(14) "order_no_7.xml"
  }
}
Sat, 22 Sep 2018 12:53:02 +0000 string(38) "START WORKFLOW TIME IS 1537620781.8712"
Sat, 22 Sep 2018 12:53:02 +0000 string(37) "STOP WORKFLOW TIME IS 1537620782.2916"
Sat, 22 Sep 2018 12:53:02 +0000 string(39) "TOTAL WORKFLOW TIME IS 0.42040610313416"
Sat, 22 Sep 2018 12:56:56 +0000 string(142) "... received workflow_run, params are wfuser='admin', wfpassword='admin', workflowname='Get Orders', wfv='{"":""}', taskmeta='""', wfmeta='""'"
Sat, 22 Sep 2018 12:56:56 +0000 string(46) "... running workflow workflowname='Get Orders'"
Sat, 22 Sep 2018 12:56:56 +0000 string(421) "WORKFLOWEXECUTE FIRING /bin/curl -s -X POST -H "Content-Type: application/json" -u "admin:admin" -d'{"runbook":"WFTasks","wfname":"Get Orders","username":"admin","taskname":"VP List Files Linux","taskmetadata":"","params":{
"dirname":"/var/www/html/pilot/tmp/files",
"match":".xml",
"lspath":"/bin/ls",
"lsargs":" -1 ",
"arrayname":"get_orders"
}}' https://secure.virtuops.com/pilot/app/server/api/index.php/task_run 2>&1"
Sat, 22 Sep 2018 12:56:56 +0000 string(143) "PARAMS API ARE '{"dirname":"\/var\/www\/html\/pilot\/tmp\/files","match":".xml","lspath":"\/bin\/ls","lsargs":" -1 ","arrayname":"get_orders"}'"
Sat, 22 Sep 2018 12:56:56 +0000 string(238) "... received task_run, params are runbook='WFTasks', taskname='VP List Files Linux', username='admin', params='{"dirname":"\/var\/www\/html\/pilot\/tmp\/files","match":".xml","lspath":"\/bin\/ls","lsargs":" -1 ","arrayname":"get_orders"}'"
Sat, 22 Sep 2018 12:56:56 +0000 string(6) "WFV IS"
Sat, 22 Sep 2018 12:56:56 +0000 object(stdClass)#14 (3) {
  [""]=>
  string(0) ""
  ["get_orders_meta"]=>
  object(stdClass)#61 (1) {
    ["count"]=>
    int(1)
  }
  ["get_orders"]=>
  array(1) {
    [0]=>
    string(14) "order_no_7.xml"
  }
}
Sat, 22 Sep 2018 12:56:56 +0000 string(38) "START WORKFLOW TIME IS 1537621016.1896"
Sat, 22 Sep 2018 12:56:56 +0000 string(37) "STOP WORKFLOW TIME IS 1537621016.5057"
Sat, 22 Sep 2018 12:56:56 +0000 string(39) "TOTAL WORKFLOW TIME IS 0.31606006622314"
Sat, 22 Sep 2018 13:05:00 +0000 string(142) "... received workflow_run, params are wfuser='admin', wfpassword='admin', workflowname='Get Orders', wfv='{"":""}', taskmeta='""', wfmeta='""'"
Sat, 22 Sep 2018 13:05:00 +0000 string(46) "... running workflow workflowname='Get Orders'"
Sat, 22 Sep 2018 13:05:01 +0000 string(421) "WORKFLOWEXECUTE FIRING /bin/curl -s -X POST -H "Content-Type: application/json" -u "admin:admin" -d'{"runbook":"WFTasks","wfname":"Get Orders","username":"admin","taskname":"VP List Files Linux","taskmetadata":"","params":{
"dirname":"/var/www/html/pilot/tmp/files",
"match":".xml",
"lspath":"/bin/ls",
"lsargs":" -1 ",
"arrayname":"get_orders"
}}' https://secure.virtuops.com/pilot/app/server/api/index.php/task_run 2>&1"
Sat, 22 Sep 2018 13:05:01 +0000 string(143) "PARAMS API ARE '{"dirname":"\/var\/www\/html\/pilot\/tmp\/files","match":".xml","lspath":"\/bin\/ls","lsargs":" -1 ","arrayname":"get_orders"}'"
Sat, 22 Sep 2018 13:05:01 +0000 string(238) "... received task_run, params are runbook='WFTasks', taskname='VP List Files Linux', username='admin', params='{"dirname":"\/var\/www\/html\/pilot\/tmp\/files","match":".xml","lspath":"\/bin\/ls","lsargs":" -1 ","arrayname":"get_orders"}'"
Sat, 22 Sep 2018 13:05:01 +0000 string(6) "WFV IS"
Sat, 22 Sep 2018 13:05:01 +0000 object(stdClass)#14 (3) {
  [""]=>
  string(0) ""
  ["get_orders_meta"]=>
  object(stdClass)#61 (1) {
    ["count"]=>
    int(1)
  }
  ["get_orders"]=>
  array(1) {
    [0]=>
    string(14) "order_no_7.xml"
  }
}
Sat, 22 Sep 2018 13:05:01 +0000 string(38) "START WORKFLOW TIME IS 1537621501.0014"
Sat, 22 Sep 2018 13:05:01 +0000 string(37) "STOP WORKFLOW TIME IS 1537621501.3937"
Sat, 22 Sep 2018 13:05:01 +0000 string(39) "TOTAL WORKFLOW TIME IS 0.39232206344604"
Sat, 22 Sep 2018 13:25:20 +0000 string(142) "... received workflow_run, params are wfuser='admin', wfpassword='admin', workflowname='Get Orders', wfv='{"":""}', taskmeta='""', wfmeta='""'"
Sat, 22 Sep 2018 13:25:20 +0000 string(46) "... running workflow workflowname='Get Orders'"
Sat, 22 Sep 2018 13:25:20 +0000 string(421) "WORKFLOWEXECUTE FIRING /bin/curl -s -X POST -H "Content-Type: application/json" -u "admin:admin" -d'{"runbook":"WFTasks","wfname":"Get Orders","username":"admin","taskname":"VP List Files Linux","taskmetadata":"","params":{
"dirname":"/var/www/html/pilot/tmp/files",
"match":".xml",
"lspath":"/bin/ls",
"lsargs":" -1 ",
"arrayname":"get_orders"
}}' https://secure.virtuops.com/pilot/app/server/api/index.php/task_run 2>&1"
Sat, 22 Sep 2018 13:25:21 +0000 string(143) "PARAMS API ARE '{"dirname":"\/var\/www\/html\/pilot\/tmp\/files","match":".xml","lspath":"\/bin\/ls","lsargs":" -1 ","arrayname":"get_orders"}'"
Sat, 22 Sep 2018 13:25:21 +0000 string(238) "... received task_run, params are runbook='WFTasks', taskname='VP List Files Linux', username='admin', params='{"dirname":"\/var\/www\/html\/pilot\/tmp\/files","match":".xml","lspath":"\/bin\/ls","lsargs":" -1 ","arrayname":"get_orders"}'"
Sat, 22 Sep 2018 13:25:21 +0000 string(6) "WFV IS"
Sat, 22 Sep 2018 13:25:21 +0000 object(stdClass)#14 (3) {
  [""]=>
  string(0) ""
  ["get_orders_meta"]=>
  object(stdClass)#61 (1) {
    ["count"]=>
    int(1)
  }
  ["get_orders"]=>
  array(1) {
    [0]=>
    string(14) "order_no_7.xml"
  }
}
Sat, 22 Sep 2018 13:25:21 +0000 string(38) "START WORKFLOW TIME IS 1537622720.8876"
Sat, 22 Sep 2018 13:25:21 +0000 string(37) "STOP WORKFLOW TIME IS 1537622721.2903"
Sat, 22 Sep 2018 13:25:21 +0000 string(39) "TOTAL WORKFLOW TIME IS 0.40272498130798"
Sat, 22 Sep 2018 13:38:02 +0000 string(142) "... received workflow_run, params are wfuser='admin', wfpassword='admin', workflowname='Get Orders', wfv='{"":""}', taskmeta='""', wfmeta='""'"
Sat, 22 Sep 2018 13:38:02 +0000 string(46) "... running workflow workflowname='Get Orders'"
Sat, 22 Sep 2018 13:38:02 +0000 string(421) "WORKFLOWEXECUTE FIRING /bin/curl -s -X POST -H "Content-Type: application/json" -u "admin:admin" -d'{"runbook":"WFTasks","wfname":"Get Orders","username":"admin","taskname":"VP List Files Linux","taskmetadata":"","params":{
"dirname":"/var/www/html/pilot/tmp/files",
"match":".xml",
"lspath":"/bin/ls",
"lsargs":" -1 ",
"arrayname":"get_orders"
}}' https://secure.virtuops.com/pilot/app/server/api/index.php/task_run 2>&1"
Sat, 22 Sep 2018 13:38:03 +0000 string(143) "PARAMS API ARE '{"dirname":"\/var\/www\/html\/pilot\/tmp\/files","match":".xml","lspath":"\/bin\/ls","lsargs":" -1 ","arrayname":"get_orders"}'"
Sat, 22 Sep 2018 13:38:03 +0000 string(238) "... received task_run, params are runbook='WFTasks', taskname='VP List Files Linux', username='admin', params='{"dirname":"\/var\/www\/html\/pilot\/tmp\/files","match":".xml","lspath":"\/bin\/ls","lsargs":" -1 ","arrayname":"get_orders"}'"
Sat, 22 Sep 2018 13:38:03 +0000 string(6) "WFV IS"
Sat, 22 Sep 2018 13:38:03 +0000 object(stdClass)#14 (3) {
  [""]=>
  string(0) ""
  ["get_orders_meta"]=>
  object(stdClass)#61 (1) {
    ["count"]=>
    int(1)
  }
  ["get_orders"]=>
  array(1) {
    [0]=>
    string(14) "order_no_7.xml"
  }
}
Sat, 22 Sep 2018 13:38:03 +0000 string(38) "START WORKFLOW TIME IS 1537623482.8771"
Sat, 22 Sep 2018 13:38:03 +0000 string(37) "STOP WORKFLOW TIME IS 1537623483.2368"
Sat, 22 Sep 2018 13:38:03 +0000 string(39) "TOTAL WORKFLOW TIME IS 0.35973405838013"
Sat, 22 Sep 2018 13:42:55 +0000 string(142) "... received workflow_run, params are wfuser='admin', wfpassword='admin', workflowname='Get Orders', wfv='{"":""}', taskmeta='""', wfmeta='""'"
Sat, 22 Sep 2018 13:42:55 +0000 string(46) "... running workflow workflowname='Get Orders'"
Sat, 22 Sep 2018 13:42:55 +0000 string(421) "WORKFLOWEXECUTE FIRING /bin/curl -s -X POST -H "Content-Type: application/json" -u "admin:admin" -d'{"runbook":"WFTasks","wfname":"Get Orders","username":"admin","taskname":"VP List Files Linux","taskmetadata":"","params":{
"dirname":"/var/www/html/pilot/tmp/files",
"match":".xml",
"lspath":"/bin/ls",
"lsargs":" -1 ",
"arrayname":"get_orders"
}}' https://secure.virtuops.com/pilot/app/server/api/index.php/task_run 2>&1"
Sat, 22 Sep 2018 13:42:55 +0000 string(143) "PARAMS API ARE '{"dirname":"\/var\/www\/html\/pilot\/tmp\/files","match":".xml","lspath":"\/bin\/ls","lsargs":" -1 ","arrayname":"get_orders"}'"
Sat, 22 Sep 2018 13:42:55 +0000 string(238) "... received task_run, params are runbook='WFTasks', taskname='VP List Files Linux', username='admin', params='{"dirname":"\/var\/www\/html\/pilot\/tmp\/files","match":".xml","lspath":"\/bin\/ls","lsargs":" -1 ","arrayname":"get_orders"}'"
Sat, 22 Sep 2018 13:42:55 +0000 string(6) "WFV IS"
Sat, 22 Sep 2018 13:42:55 +0000 object(stdClass)#14 (3) {
  [""]=>
  string(0) ""
  ["get_orders_meta"]=>
  object(stdClass)#61 (1) {
    ["count"]=>
    int(1)
  }
  ["get_orders"]=>
  array(1) {
    [0]=>
    string(14) "order_no_7.xml"
  }
}
Sat, 22 Sep 2018 13:42:55 +0000 string(38) "START WORKFLOW TIME IS 1537623775.3775"
Sat, 22 Sep 2018 13:42:55 +0000 string(37) "STOP WORKFLOW TIME IS 1537623775.6819"
Sat, 22 Sep 2018 13:42:55 +0000 string(39) "TOTAL WORKFLOW TIME IS 0.30447506904602"
Sat, 22 Sep 2018 13:49:37 +0000 string(142) "... received workflow_run, params are wfuser='admin', wfpassword='admin', workflowname='Get Orders', wfv='{"":""}', taskmeta='""', wfmeta='""'"
Sat, 22 Sep 2018 13:49:37 +0000 string(46) "... running workflow workflowname='Get Orders'"
Sat, 22 Sep 2018 13:49:37 +0000 string(421) "WORKFLOWEXECUTE FIRING /bin/curl -s -X POST -H "Content-Type: application/json" -u "admin:admin" -d'{"runbook":"WFTasks","wfname":"Get Orders","username":"admin","taskname":"VP List Files Linux","taskmetadata":"","params":{
"dirname":"/var/www/html/pilot/tmp/files",
"match":".xml",
"lspath":"/bin/ls",
"lsargs":" -1 ",
"arrayname":"get_orders"
}}' https://secure.virtuops.com/pilot/app/server/api/index.php/task_run 2>&1"
Sat, 22 Sep 2018 13:49:37 +0000 string(143) "PARAMS API ARE '{"dirname":"\/var\/www\/html\/pilot\/tmp\/files","match":".xml","lspath":"\/bin\/ls","lsargs":" -1 ","arrayname":"get_orders"}'"
Sat, 22 Sep 2018 13:49:37 +0000 string(238) "... received task_run, params are runbook='WFTasks', taskname='VP List Files Linux', username='admin', params='{"dirname":"\/var\/www\/html\/pilot\/tmp\/files","match":".xml","lspath":"\/bin\/ls","lsargs":" -1 ","arrayname":"get_orders"}'"
Sat, 22 Sep 2018 13:49:37 +0000 string(6) "WFV IS"
Sat, 22 Sep 2018 13:49:37 +0000 object(stdClass)#14 (3) {
  [""]=>
  string(0) ""
  ["get_orders_meta"]=>
  object(stdClass)#61 (1) {
    ["count"]=>
    int(1)
  }
  ["get_orders"]=>
  array(1) {
    [0]=>
    string(14) "order_no_7.xml"
  }
}
Sat, 22 Sep 2018 13:49:37 +0000 string(37) "START WORKFLOW TIME IS 1537624177.225"
Sat, 22 Sep 2018 13:49:37 +0000 string(37) "STOP WORKFLOW TIME IS 1537624177.5639"
Sat, 22 Sep 2018 13:49:37 +0000 string(39) "TOTAL WORKFLOW TIME IS 0.33895707130432"
Sat, 22 Sep 2018 13:51:08 +0000 string(142) "... received workflow_run, params are wfuser='admin', wfpassword='admin', workflowname='Get Orders', wfv='{"":""}', taskmeta='""', wfmeta='""'"
Sat, 22 Sep 2018 13:51:08 +0000 string(46) "... running workflow workflowname='Get Orders'"
Sat, 22 Sep 2018 13:51:08 +0000 string(421) "WORKFLOWEXECUTE FIRING /bin/curl -s -X POST -H "Content-Type: application/json" -u "admin:admin" -d'{"runbook":"WFTasks","wfname":"Get Orders","username":"admin","taskname":"VP List Files Linux","taskmetadata":"","params":{
"dirname":"/var/www/html/pilot/tmp/files",
"match":".xml",
"lspath":"/bin/ls",
"lsargs":" -1 ",
"arrayname":"get_orders"
}}' https://secure.virtuops.com/pilot/app/server/api/index.php/task_run 2>&1"
Sat, 22 Sep 2018 13:51:08 +0000 string(143) "PARAMS API ARE '{"dirname":"\/var\/www\/html\/pilot\/tmp\/files","match":".xml","lspath":"\/bin\/ls","lsargs":" -1 ","arrayname":"get_orders"}'"
Sat, 22 Sep 2018 13:51:08 +0000 string(238) "... received task_run, params are runbook='WFTasks', taskname='VP List Files Linux', username='admin', params='{"dirname":"\/var\/www\/html\/pilot\/tmp\/files","match":".xml","lspath":"\/bin\/ls","lsargs":" -1 ","arrayname":"get_orders"}'"
Sat, 22 Sep 2018 13:51:08 +0000 string(6) "WFV IS"
Sat, 22 Sep 2018 13:51:08 +0000 object(stdClass)#14 (3) {
  [""]=>
  string(0) ""
  ["get_orders_meta"]=>
  object(stdClass)#61 (1) {
    ["count"]=>
    int(1)
  }
  ["get_orders"]=>
  array(1) {
    [0]=>
    string(14) "order_no_7.xml"
  }
}
Sat, 22 Sep 2018 13:51:08 +0000 string(38) "START WORKFLOW TIME IS 1537624268.5418"
Sat, 22 Sep 2018 13:51:08 +0000 string(37) "STOP WORKFLOW TIME IS 1537624268.8527"
Sat, 22 Sep 2018 13:51:08 +0000 string(39) "TOTAL WORKFLOW TIME IS 0.31086993217468"
Sat, 22 Sep 2018 13:57:58 +0000 string(142) "... received workflow_run, params are wfuser='admin', wfpassword='admin', workflowname='Get Orders', wfv='{"":""}', taskmeta='""', wfmeta='""'"
Sat, 22 Sep 2018 13:57:58 +0000 string(46) "... running workflow workflowname='Get Orders'"
Sat, 22 Sep 2018 13:57:58 +0000 string(421) "WORKFLOWEXECUTE FIRING /bin/curl -s -X POST -H "Content-Type: application/json" -u "admin:admin" -d'{"runbook":"WFTasks","wfname":"Get Orders","username":"admin","taskname":"VP List Files Linux","taskmetadata":"","params":{
"dirname":"/var/www/html/pilot/tmp/files",
"match":".xml",
"lspath":"/bin/ls",
"lsargs":" -1 ",
"arrayname":"get_orders"
}}' https://secure.virtuops.com/pilot/app/server/api/index.php/task_run 2>&1"
Sat, 22 Sep 2018 13:57:58 +0000 string(143) "PARAMS API ARE '{"dirname":"\/var\/www\/html\/pilot\/tmp\/files","match":".xml","lspath":"\/bin\/ls","lsargs":" -1 ","arrayname":"get_orders"}'"
Sat, 22 Sep 2018 13:57:58 +0000 string(238) "... received task_run, params are runbook='WFTasks', taskname='VP List Files Linux', username='admin', params='{"dirname":"\/var\/www\/html\/pilot\/tmp\/files","match":".xml","lspath":"\/bin\/ls","lsargs":" -1 ","arrayname":"get_orders"}'"
Sat, 22 Sep 2018 13:57:58 +0000 string(6) "WFV IS"
Sat, 22 Sep 2018 13:57:58 +0000 object(stdClass)#14 (3) {
  [""]=>
  string(0) ""
  ["get_orders_meta"]=>
  object(stdClass)#61 (1) {
    ["count"]=>
    int(1)
  }
  ["get_orders"]=>
  array(1) {
    [0]=>
    string(14) "order_no_7.xml"
  }
}
Sat, 22 Sep 2018 13:57:58 +0000 string(38) "START WORKFLOW TIME IS 1537624678.2909"
Sat, 22 Sep 2018 13:57:58 +0000 string(37) "STOP WORKFLOW TIME IS 1537624678.6143"
Sat, 22 Sep 2018 13:57:58 +0000 string(39) "TOTAL WORKFLOW TIME IS 0.32340312004089"
Sat, 22 Sep 2018 13:59:39 +0000 string(142) "... received workflow_run, params are wfuser='admin', wfpassword='admin', workflowname='Get Orders', wfv='{"":""}', taskmeta='""', wfmeta='""'"
Sat, 22 Sep 2018 13:59:39 +0000 string(46) "... running workflow workflowname='Get Orders'"
Sat, 22 Sep 2018 13:59:39 +0000 string(421) "WORKFLOWEXECUTE FIRING /bin/curl -s -X POST -H "Content-Type: application/json" -u "admin:admin" -d'{"runbook":"WFTasks","wfname":"Get Orders","username":"admin","taskname":"VP List Files Linux","taskmetadata":"","params":{
"dirname":"/var/www/html/pilot/tmp/files",
"match":".xml",
"lspath":"/bin/ls",
"lsargs":" -1 ",
"arrayname":"get_orders"
}}' https://secure.virtuops.com/pilot/app/server/api/index.php/task_run 2>&1"
Sat, 22 Sep 2018 13:59:39 +0000 string(143) "PARAMS API ARE '{"dirname":"\/var\/www\/html\/pilot\/tmp\/files","match":".xml","lspath":"\/bin\/ls","lsargs":" -1 ","arrayname":"get_orders"}'"
Sat, 22 Sep 2018 13:59:39 +0000 string(238) "... received task_run, params are runbook='WFTasks', taskname='VP List Files Linux', username='admin', params='{"dirname":"\/var\/www\/html\/pilot\/tmp\/files","match":".xml","lspath":"\/bin\/ls","lsargs":" -1 ","arrayname":"get_orders"}'"
Sat, 22 Sep 2018 13:59:39 +0000 string(6) "WFV IS"
Sat, 22 Sep 2018 13:59:39 +0000 object(stdClass)#14 (3) {
  [""]=>
  string(0) ""
  ["get_orders_meta"]=>
  object(stdClass)#61 (1) {
    ["count"]=>
    int(1)
  }
  ["get_orders"]=>
  array(1) {
    [0]=>
    string(14) "order_no_7.xml"
  }
}
Sat, 22 Sep 2018 13:59:39 +0000 string(38) "START WORKFLOW TIME IS 1537624779.2964"
Sat, 22 Sep 2018 13:59:39 +0000 string(37) "STOP WORKFLOW TIME IS 1537624779.6577"
Sat, 22 Sep 2018 13:59:39 +0000 string(39) "TOTAL WORKFLOW TIME IS 0.36129283905029"
Sat, 22 Sep 2018 14:00:13 +0000 string(142) "... received workflow_run, params are wfuser='admin', wfpassword='admin', workflowname='Get Orders', wfv='{"":""}', taskmeta='""', wfmeta='""'"
Sat, 22 Sep 2018 14:00:13 +0000 string(46) "... running workflow workflowname='Get Orders'"
Sat, 22 Sep 2018 14:00:13 +0000 string(421) "WORKFLOWEXECUTE FIRING /bin/curl -s -X POST -H "Content-Type: application/json" -u "admin:admin" -d'{"runbook":"WFTasks","wfname":"Get Orders","username":"admin","taskname":"VP List Files Linux","taskmetadata":"","params":{
"dirname":"/var/www/html/pilot/tmp/files",
"match":".xml",
"lspath":"/bin/ls",
"lsargs":" -1 ",
"arrayname":"get_orders"
}}' https://secure.virtuops.com/pilot/app/server/api/index.php/task_run 2>&1"
Sat, 22 Sep 2018 14:00:13 +0000 string(143) "PARAMS API ARE '{"dirname":"\/var\/www\/html\/pilot\/tmp\/files","match":".xml","lspath":"\/bin\/ls","lsargs":" -1 ","arrayname":"get_orders"}'"
Sat, 22 Sep 2018 14:00:13 +0000 string(238) "... received task_run, params are runbook='WFTasks', taskname='VP List Files Linux', username='admin', params='{"dirname":"\/var\/www\/html\/pilot\/tmp\/files","match":".xml","lspath":"\/bin\/ls","lsargs":" -1 ","arrayname":"get_orders"}'"
Sat, 22 Sep 2018 14:00:13 +0000 string(6) "WFV IS"
Sat, 22 Sep 2018 14:00:13 +0000 object(stdClass)#14 (3) {
  [""]=>
  string(0) ""
  ["get_orders_meta"]=>
  object(stdClass)#61 (1) {
    ["count"]=>
    int(1)
  }
  ["get_orders"]=>
  array(1) {
    [0]=>
    string(14) "order_no_7.xml"
  }
}
Sat, 22 Sep 2018 14:00:13 +0000 string(38) "START WORKFLOW TIME IS 1537624813.1951"
Sat, 22 Sep 2018 14:00:13 +0000 string(37) "STOP WORKFLOW TIME IS 1537624813.5352"
Sat, 22 Sep 2018 14:00:13 +0000 string(39) "TOTAL WORKFLOW TIME IS 0.34014987945557"
Sat, 22 Sep 2018 14:00:46 +0000 string(142) "... received workflow_run, params are wfuser='admin', wfpassword='admin', workflowname='Get Orders', wfv='{"":""}', taskmeta='""', wfmeta='""'"
Sat, 22 Sep 2018 14:00:46 +0000 string(46) "... running workflow workflowname='Get Orders'"
Sat, 22 Sep 2018 14:00:47 +0000 string(421) "WORKFLOWEXECUTE FIRING /bin/curl -s -X POST -H "Content-Type: application/json" -u "admin:admin" -d'{"runbook":"WFTasks","wfname":"Get Orders","username":"admin","taskname":"VP List Files Linux","taskmetadata":"","params":{
"dirname":"/var/www/html/pilot/tmp/files",
"match":".xml",
"lspath":"/bin/ls",
"lsargs":" -1 ",
"arrayname":"get_orders"
}}' https://secure.virtuops.com/pilot/app/server/api/index.php/task_run 2>&1"
Sat, 22 Sep 2018 14:00:47 +0000 string(143) "PARAMS API ARE '{"dirname":"\/var\/www\/html\/pilot\/tmp\/files","match":".xml","lspath":"\/bin\/ls","lsargs":" -1 ","arrayname":"get_orders"}'"
Sat, 22 Sep 2018 14:00:47 +0000 string(238) "... received task_run, params are runbook='WFTasks', taskname='VP List Files Linux', username='admin', params='{"dirname":"\/var\/www\/html\/pilot\/tmp\/files","match":".xml","lspath":"\/bin\/ls","lsargs":" -1 ","arrayname":"get_orders"}'"
Sat, 22 Sep 2018 14:00:47 +0000 string(6) "WFV IS"
Sat, 22 Sep 2018 14:00:47 +0000 object(stdClass)#14 (3) {
  [""]=>
  string(0) ""
  ["get_orders_meta"]=>
  object(stdClass)#61 (1) {
    ["count"]=>
    int(1)
  }
  ["get_orders"]=>
  array(1) {
    [0]=>
    string(14) "order_no_7.xml"
  }
}
Sat, 22 Sep 2018 14:00:47 +0000 string(38) "START WORKFLOW TIME IS 1537624847.0023"
Sat, 22 Sep 2018 14:00:47 +0000 string(37) "STOP WORKFLOW TIME IS 1537624847.3262"
Sat, 22 Sep 2018 14:00:47 +0000 string(39) "TOTAL WORKFLOW TIME IS 0.32390093803406"
Sat, 22 Sep 2018 14:01:16 +0000 string(142) "... received workflow_run, params are wfuser='admin', wfpassword='admin', workflowname='Get Orders', wfv='{"":""}', taskmeta='""', wfmeta='""'"
Sat, 22 Sep 2018 14:01:16 +0000 string(46) "... running workflow workflowname='Get Orders'"
Sat, 22 Sep 2018 14:01:17 +0000 string(421) "WORKFLOWEXECUTE FIRING /bin/curl -s -X POST -H "Content-Type: application/json" -u "admin:admin" -d'{"runbook":"WFTasks","wfname":"Get Orders","username":"admin","taskname":"VP List Files Linux","taskmetadata":"","params":{
"dirname":"/var/www/html/pilot/tmp/files",
"match":".xml",
"lspath":"/bin/ls",
"lsargs":" -1 ",
"arrayname":"get_orders"
}}' https://secure.virtuops.com/pilot/app/server/api/index.php/task_run 2>&1"
Sat, 22 Sep 2018 14:01:17 +0000 string(143) "PARAMS API ARE '{"dirname":"\/var\/www\/html\/pilot\/tmp\/files","match":".xml","lspath":"\/bin\/ls","lsargs":" -1 ","arrayname":"get_orders"}'"
Sat, 22 Sep 2018 14:01:17 +0000 string(238) "... received task_run, params are runbook='WFTasks', taskname='VP List Files Linux', username='admin', params='{"dirname":"\/var\/www\/html\/pilot\/tmp\/files","match":".xml","lspath":"\/bin\/ls","lsargs":" -1 ","arrayname":"get_orders"}'"
Sat, 22 Sep 2018 14:01:17 +0000 string(6) "WFV IS"
Sat, 22 Sep 2018 14:01:17 +0000 object(stdClass)#14 (3) {
  [""]=>
  string(0) ""
  ["get_orders_meta"]=>
  object(stdClass)#61 (1) {
    ["count"]=>
    int(1)
  }
  ["get_orders"]=>
  array(1) {
    [0]=>
    string(14) "order_no_7.xml"
  }
}
Sat, 22 Sep 2018 14:01:17 +0000 string(38) "START WORKFLOW TIME IS 1537624876.9492"
Sat, 22 Sep 2018 14:01:17 +0000 string(37) "STOP WORKFLOW TIME IS 1537624877.2983"
Sat, 22 Sep 2018 14:01:17 +0000 string(39) "TOTAL WORKFLOW TIME IS 0.34911704063416"
Sat, 22 Sep 2018 14:04:16 +0000 string(142) "... received workflow_run, params are wfuser='admin', wfpassword='admin', workflowname='Get Orders', wfv='{"":""}', taskmeta='""', wfmeta='""'"
Sat, 22 Sep 2018 14:04:16 +0000 string(46) "... running workflow workflowname='Get Orders'"
Sat, 22 Sep 2018 14:04:16 +0000 string(421) "WORKFLOWEXECUTE FIRING /bin/curl -s -X POST -H "Content-Type: application/json" -u "admin:admin" -d'{"runbook":"WFTasks","wfname":"Get Orders","username":"admin","taskname":"VP List Files Linux","taskmetadata":"","params":{
"dirname":"/var/www/html/pilot/tmp/files",
"match":".xml",
"lspath":"/bin/ls",
"lsargs":" -1 ",
"arrayname":"get_orders"
}}' https://secure.virtuops.com/pilot/app/server/api/index.php/task_run 2>&1"
Sat, 22 Sep 2018 14:04:17 +0000 string(143) "PARAMS API ARE '{"dirname":"\/var\/www\/html\/pilot\/tmp\/files","match":".xml","lspath":"\/bin\/ls","lsargs":" -1 ","arrayname":"get_orders"}'"
Sat, 22 Sep 2018 14:04:17 +0000 string(238) "... received task_run, params are runbook='WFTasks', taskname='VP List Files Linux', username='admin', params='{"dirname":"\/var\/www\/html\/pilot\/tmp\/files","match":".xml","lspath":"\/bin\/ls","lsargs":" -1 ","arrayname":"get_orders"}'"
Sat, 22 Sep 2018 14:04:17 +0000 string(6) "WFV IS"
Sat, 22 Sep 2018 14:04:17 +0000 object(stdClass)#14 (3) {
  [""]=>
  string(0) ""
  ["get_orders_meta"]=>
  object(stdClass)#61 (1) {
    ["count"]=>
    int(1)
  }
  ["get_orders"]=>
  array(1) {
    [0]=>
    string(14) "order_no_7.xml"
  }
}
Sat, 22 Sep 2018 14:04:17 +0000 string(38) "START WORKFLOW TIME IS 1537625056.9017"
Sat, 22 Sep 2018 14:04:17 +0000 string(37) "STOP WORKFLOW TIME IS 1537625057.2526"
Sat, 22 Sep 2018 14:04:17 +0000 string(39) "TOTAL WORKFLOW TIME IS 0.35098814964294"
Sat, 22 Sep 2018 14:27:28 +0000 string(142) "... received workflow_run, params are wfuser='admin', wfpassword='admin', workflowname='Get Orders', wfv='{"":""}', taskmeta='""', wfmeta='""'"
Sat, 22 Sep 2018 14:27:28 +0000 string(46) "... running workflow workflowname='Get Orders'"
Sat, 22 Sep 2018 14:27:28 +0000 string(421) "WORKFLOWEXECUTE FIRING /bin/curl -s -X POST -H "Content-Type: application/json" -u "admin:admin" -d'{"runbook":"WFTasks","wfname":"Get Orders","username":"admin","taskname":"VP List Files Linux","taskmetadata":"","params":{
"dirname":"/var/www/html/pilot/tmp/files",
"match":".xml",
"lspath":"/bin/ls",
"lsargs":" -1 ",
"arrayname":"get_orders"
}}' https://secure.virtuops.com/pilot/app/server/api/index.php/task_run 2>&1"
Sat, 22 Sep 2018 14:27:28 +0000 string(143) "PARAMS API ARE '{"dirname":"\/var\/www\/html\/pilot\/tmp\/files","match":".xml","lspath":"\/bin\/ls","lsargs":" -1 ","arrayname":"get_orders"}'"
Sat, 22 Sep 2018 14:27:28 +0000 string(238) "... received task_run, params are runbook='WFTasks', taskname='VP List Files Linux', username='admin', params='{"dirname":"\/var\/www\/html\/pilot\/tmp\/files","match":".xml","lspath":"\/bin\/ls","lsargs":" -1 ","arrayname":"get_orders"}'"
Sat, 22 Sep 2018 14:27:28 +0000 string(6) "WFV IS"
Sat, 22 Sep 2018 14:27:28 +0000 object(stdClass)#14 (3) {
  [""]=>
  string(0) ""
  ["get_orders_meta"]=>
  object(stdClass)#61 (1) {
    ["count"]=>
    int(1)
  }
  ["get_orders"]=>
  array(1) {
    [0]=>
    string(14) "order_no_7.xml"
  }
}
Sat, 22 Sep 2018 14:27:28 +0000 string(38) "START WORKFLOW TIME IS 1537626448.1499"
Sat, 22 Sep 2018 14:27:28 +0000 string(37) "STOP WORKFLOW TIME IS 1537626448.5076"
Sat, 22 Sep 2018 14:27:28 +0000 string(39) "TOTAL WORKFLOW TIME IS 0.35760712623596"
Sat, 22 Sep 2018 14:28:21 +0000 string(142) "... received workflow_run, params are wfuser='admin', wfpassword='admin', workflowname='Get Orders', wfv='{"":""}', taskmeta='""', wfmeta='""'"
Sat, 22 Sep 2018 14:28:21 +0000 string(46) "... running workflow workflowname='Get Orders'"
Sat, 22 Sep 2018 14:28:21 +0000 string(421) "WORKFLOWEXECUTE FIRING /bin/curl -s -X POST -H "Content-Type: application/json" -u "admin:admin" -d'{"runbook":"WFTasks","wfname":"Get Orders","username":"admin","taskname":"VP List Files Linux","taskmetadata":"","params":{
"dirname":"/var/www/html/pilot/tmp/files",
"match":".xml",
"lspath":"/bin/ls",
"lsargs":" -1 ",
"arrayname":"get_orders"
}}' https://secure.virtuops.com/pilot/app/server/api/index.php/task_run 2>&1"
Sat, 22 Sep 2018 14:28:21 +0000 string(143) "PARAMS API ARE '{"dirname":"\/var\/www\/html\/pilot\/tmp\/files","match":".xml","lspath":"\/bin\/ls","lsargs":" -1 ","arrayname":"get_orders"}'"
Sat, 22 Sep 2018 14:28:21 +0000 string(238) "... received task_run, params are runbook='WFTasks', taskname='VP List Files Linux', username='admin', params='{"dirname":"\/var\/www\/html\/pilot\/tmp\/files","match":".xml","lspath":"\/bin\/ls","lsargs":" -1 ","arrayname":"get_orders"}'"
Sat, 22 Sep 2018 14:28:21 +0000 string(6) "WFV IS"
Sat, 22 Sep 2018 14:28:21 +0000 object(stdClass)#14 (3) {
  [""]=>
  string(0) ""
  ["get_orders_meta"]=>
  object(stdClass)#61 (1) {
    ["count"]=>
    int(1)
  }
  ["get_orders"]=>
  array(1) {
    [0]=>
    string(14) "order_no_7.xml"
  }
}
Sat, 22 Sep 2018 14:28:21 +0000 string(38) "START WORKFLOW TIME IS 1537626501.1964"
Sat, 22 Sep 2018 14:28:21 +0000 string(37) "STOP WORKFLOW TIME IS 1537626501.7559"
Sat, 22 Sep 2018 14:28:21 +0000 string(39) "TOTAL WORKFLOW TIME IS 0.55952882766724"
Sat, 22 Sep 2018 14:37:48 +0000 string(142) "... received workflow_run, params are wfuser='admin', wfpassword='admin', workflowname='Get Orders', wfv='{"":""}', taskmeta='""', wfmeta='""'"
Sat, 22 Sep 2018 14:37:48 +0000 string(46) "... running workflow workflowname='Get Orders'"
Sat, 22 Sep 2018 14:37:48 +0000 string(421) "WORKFLOWEXECUTE FIRING /bin/curl -s -X POST -H "Content-Type: application/json" -u "admin:admin" -d'{"runbook":"WFTasks","wfname":"Get Orders","username":"admin","taskname":"VP List Files Linux","taskmetadata":"","params":{
"dirname":"/var/www/html/pilot/tmp/files",
"match":".xml",
"lspath":"/bin/ls",
"lsargs":" -1 ",
"arrayname":"get_orders"
}}' https://secure.virtuops.com/pilot/app/server/api/index.php/task_run 2>&1"
Sat, 22 Sep 2018 14:37:48 +0000 string(143) "PARAMS API ARE '{"dirname":"\/var\/www\/html\/pilot\/tmp\/files","match":".xml","lspath":"\/bin\/ls","lsargs":" -1 ","arrayname":"get_orders"}'"
Sat, 22 Sep 2018 14:37:48 +0000 string(238) "... received task_run, params are runbook='WFTasks', taskname='VP List Files Linux', username='admin', params='{"dirname":"\/var\/www\/html\/pilot\/tmp\/files","match":".xml","lspath":"\/bin\/ls","lsargs":" -1 ","arrayname":"get_orders"}'"
Sat, 22 Sep 2018 14:37:48 +0000 string(6) "WFV IS"
Sat, 22 Sep 2018 14:37:48 +0000 object(stdClass)#14 (3) {
  [""]=>
  string(0) ""
  ["get_orders_meta"]=>
  object(stdClass)#61 (1) {
    ["count"]=>
    int(1)
  }
  ["get_orders"]=>
  array(1) {
    [0]=>
    string(14) "order_no_7.xml"
  }
}
Sat, 22 Sep 2018 14:37:48 +0000 string(38) "START WORKFLOW TIME IS 1537627068.4864"
Sat, 22 Sep 2018 14:37:48 +0000 string(37) "STOP WORKFLOW TIME IS 1537627068.8226"
Sat, 22 Sep 2018 14:37:48 +0000 string(39) "TOTAL WORKFLOW TIME IS 0.33616995811462"
Sat, 22 Sep 2018 14:43:20 +0000 string(142) "... received workflow_run, params are wfuser='admin', wfpassword='admin', workflowname='Get Orders', wfv='{"":""}', taskmeta='""', wfmeta='""'"
Sat, 22 Sep 2018 14:43:20 +0000 string(46) "... running workflow workflowname='Get Orders'"
Sat, 22 Sep 2018 14:43:20 +0000 string(421) "WORKFLOWEXECUTE FIRING /bin/curl -s -X POST -H "Content-Type: application/json" -u "admin:admin" -d'{"runbook":"WFTasks","wfname":"Get Orders","username":"admin","taskname":"VP List Files Linux","taskmetadata":"","params":{
"dirname":"/var/www/html/pilot/tmp/files",
"match":".xml",
"lspath":"/bin/ls",
"lsargs":" -1 ",
"arrayname":"get_orders"
}}' https://secure.virtuops.com/pilot/app/server/api/index.php/task_run 2>&1"
Sat, 22 Sep 2018 14:43:21 +0000 string(143) "PARAMS API ARE '{"dirname":"\/var\/www\/html\/pilot\/tmp\/files","match":".xml","lspath":"\/bin\/ls","lsargs":" -1 ","arrayname":"get_orders"}'"
Sat, 22 Sep 2018 14:43:21 +0000 string(238) "... received task_run, params are runbook='WFTasks', taskname='VP List Files Linux', username='admin', params='{"dirname":"\/var\/www\/html\/pilot\/tmp\/files","match":".xml","lspath":"\/bin\/ls","lsargs":" -1 ","arrayname":"get_orders"}'"
Sat, 22 Sep 2018 14:43:21 +0000 string(6) "WFV IS"
Sat, 22 Sep 2018 14:43:21 +0000 object(stdClass)#14 (3) {
  [""]=>
  string(0) ""
  ["get_orders_meta"]=>
  object(stdClass)#61 (1) {
    ["count"]=>
    int(1)
  }
  ["get_orders"]=>
  array(1) {
    [0]=>
    string(14) "order_no_7.xml"
  }
}
Sat, 22 Sep 2018 14:43:21 +0000 string(38) "START WORKFLOW TIME IS 1537627400.9075"
Sat, 22 Sep 2018 14:43:21 +0000 string(37) "STOP WORKFLOW TIME IS 1537627401.2762"
Sat, 22 Sep 2018 14:43:21 +0000 string(39) "TOTAL WORKFLOW TIME IS 0.36876583099365"
Sat, 22 Sep 2018 14:45:03 +0000 string(142) "... received workflow_run, params are wfuser='admin', wfpassword='admin', workflowname='Get Orders', wfv='{"":""}', taskmeta='""', wfmeta='""'"
Sat, 22 Sep 2018 14:45:03 +0000 string(46) "... running workflow workflowname='Get Orders'"
Sat, 22 Sep 2018 14:45:03 +0000 string(421) "WORKFLOWEXECUTE FIRING /bin/curl -s -X POST -H "Content-Type: application/json" -u "admin:admin" -d'{"runbook":"WFTasks","wfname":"Get Orders","username":"admin","taskname":"VP List Files Linux","taskmetadata":"","params":{
"dirname":"/var/www/html/pilot/tmp/files",
"match":".xml",
"lspath":"/bin/ls",
"lsargs":" -1 ",
"arrayname":"get_orders"
}}' https://secure.virtuops.com/pilot/app/server/api/index.php/task_run 2>&1"
Sat, 22 Sep 2018 14:45:03 +0000 string(143) "PARAMS API ARE '{"dirname":"\/var\/www\/html\/pilot\/tmp\/files","match":".xml","lspath":"\/bin\/ls","lsargs":" -1 ","arrayname":"get_orders"}'"
Sat, 22 Sep 2018 14:45:03 +0000 string(238) "... received task_run, params are runbook='WFTasks', taskname='VP List Files Linux', username='admin', params='{"dirname":"\/var\/www\/html\/pilot\/tmp\/files","match":".xml","lspath":"\/bin\/ls","lsargs":" -1 ","arrayname":"get_orders"}'"
Sat, 22 Sep 2018 14:45:03 +0000 string(6) "WFV IS"
Sat, 22 Sep 2018 14:45:03 +0000 object(stdClass)#14 (3) {
  [""]=>
  string(0) ""
  ["get_orders_meta"]=>
  object(stdClass)#61 (1) {
    ["count"]=>
    int(1)
  }
  ["get_orders"]=>
  array(1) {
    [0]=>
    string(14) "order_no_7.xml"
  }
}
Sat, 22 Sep 2018 14:45:03 +0000 string(38) "START WORKFLOW TIME IS 1537627503.3169"
Sat, 22 Sep 2018 14:45:03 +0000 string(37) "STOP WORKFLOW TIME IS 1537627503.6368"
Sat, 22 Sep 2018 14:45:03 +0000 string(39) "TOTAL WORKFLOW TIME IS 0.31989097595215"
Sat, 22 Sep 2018 14:47:01 +0000 string(142) "... received workflow_run, params are wfuser='admin', wfpassword='admin', workflowname='Get Orders', wfv='{"":""}', taskmeta='""', wfmeta='""'"
Sat, 22 Sep 2018 14:47:01 +0000 string(46) "... running workflow workflowname='Get Orders'"
Sat, 22 Sep 2018 14:47:02 +0000 string(421) "WORKFLOWEXECUTE FIRING /bin/curl -s -X POST -H "Content-Type: application/json" -u "admin:admin" -d'{"runbook":"WFTasks","wfname":"Get Orders","username":"admin","taskname":"VP List Files Linux","taskmetadata":"","params":{
"dirname":"/var/www/html/pilot/tmp/files",
"match":".xml",
"lspath":"/bin/ls",
"lsargs":" -1 ",
"arrayname":"get_orders"
}}' https://secure.virtuops.com/pilot/app/server/api/index.php/task_run 2>&1"
Sat, 22 Sep 2018 14:47:02 +0000 string(143) "PARAMS API ARE '{"dirname":"\/var\/www\/html\/pilot\/tmp\/files","match":".xml","lspath":"\/bin\/ls","lsargs":" -1 ","arrayname":"get_orders"}'"
Sat, 22 Sep 2018 14:47:02 +0000 string(238) "... received task_run, params are runbook='WFTasks', taskname='VP List Files Linux', username='admin', params='{"dirname":"\/var\/www\/html\/pilot\/tmp\/files","match":".xml","lspath":"\/bin\/ls","lsargs":" -1 ","arrayname":"get_orders"}'"
Sat, 22 Sep 2018 14:47:02 +0000 string(6) "WFV IS"
Sat, 22 Sep 2018 14:47:02 +0000 object(stdClass)#14 (3) {
  [""]=>
  string(0) ""
  ["get_orders_meta"]=>
  object(stdClass)#61 (1) {
    ["count"]=>
    int(1)
  }
  ["get_orders"]=>
  array(1) {
    [0]=>
    string(14) "order_no_7.xml"
  }
}
Sat, 22 Sep 2018 14:47:02 +0000 string(38) "START WORKFLOW TIME IS 1537627621.9782"
Sat, 22 Sep 2018 14:47:02 +0000 string(36) "STOP WORKFLOW TIME IS 1537627622.316"
Sat, 22 Sep 2018 14:47:02 +0000 string(39) "TOTAL WORKFLOW TIME IS 0.33782601356506"
Sat, 22 Sep 2018 14:55:31 +0000 string(142) "... received workflow_run, params are wfuser='admin', wfpassword='admin', workflowname='Get Orders', wfv='{"":""}', taskmeta='""', wfmeta='""'"
Sat, 22 Sep 2018 14:55:31 +0000 string(46) "... running workflow workflowname='Get Orders'"
Sat, 22 Sep 2018 14:55:31 +0000 string(421) "WORKFLOWEXECUTE FIRING /bin/curl -s -X POST -H "Content-Type: application/json" -u "admin:admin" -d'{"runbook":"WFTasks","wfname":"Get Orders","username":"admin","taskname":"VP List Files Linux","taskmetadata":"","params":{
"dirname":"/var/www/html/pilot/tmp/files",
"match":".xml",
"lspath":"/bin/ls",
"lsargs":" -1 ",
"arrayname":"get_orders"
}}' https://secure.virtuops.com/pilot/app/server/api/index.php/task_run 2>&1"
Sat, 22 Sep 2018 14:55:31 +0000 string(143) "PARAMS API ARE '{"dirname":"\/var\/www\/html\/pilot\/tmp\/files","match":".xml","lspath":"\/bin\/ls","lsargs":" -1 ","arrayname":"get_orders"}'"
Sat, 22 Sep 2018 14:55:31 +0000 string(238) "... received task_run, params are runbook='WFTasks', taskname='VP List Files Linux', username='admin', params='{"dirname":"\/var\/www\/html\/pilot\/tmp\/files","match":".xml","lspath":"\/bin\/ls","lsargs":" -1 ","arrayname":"get_orders"}'"
Sat, 22 Sep 2018 14:55:31 +0000 string(6) "WFV IS"
Sat, 22 Sep 2018 14:55:31 +0000 object(stdClass)#14 (3) {
  [""]=>
  string(0) ""
  ["get_orders_meta"]=>
  object(stdClass)#61 (1) {
    ["count"]=>
    int(2)
  }
  ["get_orders"]=>
  array(2) {
    [0]=>
    string(14) "order_no_7.xml"
    [1]=>
    string(14) "order_no_8.xml"
  }
}
Sat, 22 Sep 2018 14:55:31 +0000 string(38) "START WORKFLOW TIME IS 1537628131.3271"
Sat, 22 Sep 2018 14:55:31 +0000 string(37) "STOP WORKFLOW TIME IS 1537628131.6728"
Sat, 22 Sep 2018 14:55:31 +0000 string(39) "TOTAL WORKFLOW TIME IS 0.34572696685791"
